
Linux  apt  3.13.0-129-generic  #178-Ubuntu SMP Fri Aug 11 12:48:20 UTC 2017  x86_64  09/27/2017

16:39:59  cpu %usr %nice   %sys %irq %softirq    %wait %idle             _cpu_
16:40:00  all    0     0      0    0        0        0   100
            0    0     0      0    0        0        0   100
            1    0     0      0    0        0        0   100
            2    0     0      0    0        0        0   100
            3    0     0      1    0        0        0    99
            4    0     0      1    0        0        0    99
            5    0     0      0    0        0        0   100
            6    0     0      0    0        0        0   100
            7    0     0      0    0        0        0   100
            8    0     0      0    0        0        0   100
            9    0     0      0    0        0        0   100
           10    0     0      0    0        0        0   100
           11    0     0      0    0        0        0   100
           12    0     0      0    0        0        0   100
           13    0     0      0    0        0        0   100
           14    0     0      0    0        0        0   100
           15    0     0      0    0        0        0   100
           16    0     0      0    0        0        0   100
           17    0     0      0    0        0        0   100
           18    0     0      0    0        0        0   100
           19    0     0      0    0        0        0   100
           20    0     0      0    0        0        0   100
           21    0     0      0    0        0        0   100
           22    0     0      0    0        0        0   100
           23    0     0      0    0        0        0   100
           24    0     0      0    0        0        0   100
           25    0     0      0    0        0        0   100
           26    0     0      1    0        0        0    99
           27    0     0      0    0        0        0   100
           28    0     0      0    0        0        0   100
           29    6     0      3    0        0        0    92
           30    0     0      0    0        0        0   100
           31    0     0      0    0        0        0   100
           32    0     0    100    0        0        0     0
           33    0     0    100    0        0        0     0
           34    0     0    100    0        0        0     0
           35    0     1    100    0        0        0     0
           36    0     1     99    0        0        0     0
           37    0     0    100    0        0        0     0
           38    0     0    100    0        0        0     0
           39    0     0    100    0        0        0     0
           40    0     0    100    0        0        0     0
           41    0     0    100    0        0        0     0
           42    0     0    100    0        0        0     0
           43    0     0    100    0        0        0     0
           44    0     0    100    0        0        0     0
           45    0     0     99    0        0        0     1
           46    0     0    100    0        0        0     0
           47    0     0    100    0        0        0     0
           48    0     0     99    0        0        0     1
           49    0     0     99    0        0        0     1
           50    0     0    100    0        0        0     0
           51    0     0     99    0        0        0     1
           52    0     0    100    0        0        0     0
           53    0     0    100    0        0        0     0
           54    0     0    100    0        0        0     0
           55    0     0    100    0        0        0     0
           56    0     0    100    0        0        0     0
           57    0     0    100    0        0        0     0
           58    0     1    100    0        0        0     0
           59    0     0    100    0        0        0     0
           60    0     0    100    0        0        0     0
           61    0     3     75    0        0        0    23
           62    0     0    100    0        0        0     0
           63    0     0    100    0        0        0     0
16:40:02  all    0     0      0    0        0        0   100
            0    0     0      0    0        0        0   100
            1    0     0      0    0        0        0   100
            2    0     0      0    0        0        0   100
            3    0     0      0    0        0        0   100
            4    0     0      0    0        0        0   100
            5    0     0      1    0        0        0    99
            6    0     0      0    0        0        0   100
            7    0     0      0    0        0        0   100
            8    0     0      0    0        0        0   100
            9    0     0      0    0        0        0   100
           10    0     0      0    0        0        0   100
           11    0     0      0    0        0        0   100
           12    0     0      0    0        0        0   100
           13    0     0      1    0        0        0    99
           14    0     0      0    0        0        0   100
           15    0     0      0    0        0        0   100
           16    0     0      1    0        0        0    99
           17    0     0      0    0        0        0   100
           18    0     0      0    0        0        0   100
           19    0     0      0    0        0        0   100
           20    0     0      1    0        0        0    98
           21    0     0      0    0        0        0   100
           22    0     0      0    0        0        0   100
           23    0     0      0    0        0        0   100
           24    0     0      0    0        0        0   100
           25    0     0      0    0        0        0   100
           26    0     0      0    0        0        0   100
           27    0     0      0    0        0        0   100
           28    0     0      0    0        0        0   100
           29    7     0      4    0        0        0    88
           30    0     0      0    0        0        0   100
           31    0     0      0    0        0        0   100
           32    0     0    100    0        0        0     0
           33    0     0    100    0        0        0     0
           34    0     0    100    0        0        0     0
           35    0     0     99    0        0        0     1
           36    0     0    100    0        0        0     0
           37    0     1    100    0        0        0     0
           38    0     0    100    0        0        0     0
           39    0     0    100    0        0        0     0
           40    0     0    100    0        0        0     0
           41    0     0    100    0        0        0     0
           42    0     0    100    0        0        0     0
           43    0     0    100    0        0        0     0
           44    0     0    100    0        0        0     0
           45    0     1    100    0        0        0     0
           46    0     0    100    0        0        0     0
           47    0     0    100    0        0        0     0
           48    0     1     98    0        0        0     0
           49    0     0    100    0        0        0     0
           50    0     0    100    0        0        0     0
           51    0     0     98    0        0        0     2
           52    0     1     98    0        0        0     0
           53    0     0    100    0        0        0     0
           54    0     0    100    0        0        0     0
           55    0     0    100    0        0        0     0
           56    0     0    100    0        0        0     0
           57    0     0    100    0        0        0     0
           58    0     0    100    0        0        0     0
           59    0     0    100    0        0        0     0
           60    0     0    100    0        0        0     0
           61    0     4     74    0        0        0    21
           62    0     0    100    0        0        0     0
           63    0     0    100    0        0        0     0
16:40:04  all    0     0      0    0        0        0   100
            0    0     0      0    0        0        0   100
            1    0     0      0    0        0        0   100
            2    0     0      0    0        0        0   100
            3    0     0      0    0        0        0   100
            4    0     0      0    0        0        0   100
            5    0     0      0    0        0        0   100
            6    0     0      0    0        0        0   100
            7    0     0      0    0        0        0   100
            8    0     0      0    0        0        0   100
            9    0     0      0    0        0        0   100
           10    0     0      0    0        0        0   100
           11    0     0      0    0        0        0   100
           12    0     0      0    0        0        0   100
           13    0     0      0    0        0        0   100
           14    0     0      0    0        0        0   100
           15    0     0      0    0        0        0   100
           16    1     0      0    0        0        0    98
           17    0     0      0    0        0        0   100
           18    0     0      0    0        0        0   100
           19    0     0      0    0        0        0   100
           20    1     0      1    0        0        0    98
           21    0     0      0    0        0        0   100
           22    0     0      0    0        0        0   100
           23    0     0      0    0        0        0   100
           24    0     0      0    0        0        0   100
           25    0     0      0    0        0        0   100
           26    0     0      0    0        0        0   100
           27    0     0      0    0        0        0   100
           28    0     0      0    0        0        0   100
           29    8     0      2    0        0        0    90
           30    0     0      0    0        0        0   100
           31    0     0      0    0        0        0   100
           32    0     0    100    0        0        0     0
           33    0     0    100    0        0        0     0
           34    0     0    100    0        0        0     0
           35    0     0    100    0        0        0     0
           36    0     0     99    0        0        0     1
           37    0     0    100    0        0        0     0
           38    0     0    100    0        0        0     0
           39    0     0    100    0        0        0     0
           40    0     0    100    0        0        0     0
           41    0     0    100    0        0        0     0
           42    0     0    100    0        0        0     0
           43    0     0    100    0        0        0     0
           44    0     0    100    0        0        0     0
           45    0     0     98    0        0        0     2
           46    0     0    100    0        0        0     0
           47    0     0    100    0        0        0     0
           48    0     0     98    0        0        0     2
           49    0     0    100    0        0        0     0
           50    0     0    100    0        0        0     0
           51    0     0     99    0        0        0     1
           52    0     1     97    0        0        0     2
           53    0     0    100    0        0        0     0
           54    0     0    100    0        0        0     0
           55    0     0    100    0        0        0     0
           56    0     0    100    0        0        0     0
           57    0     0    100    0        0        0     0
           58    0     0    100    0        0        0     0
           59    0     0    100    0        0        0     0
           60    0     0    100    0        0        0     0
           61    0     2     74    0        0        0    22
           62    0     0    100    0        0        0     0
           63    0     0    100    0        0        0     0
16:40:06  all    0     0      0    0        0        0   100
            0    0     0      0    0        0        0   100
            1    0     0      0    0        0        0   100
            2    0     0      0    0        0        0   100
            3    0     0      0    0        0        0   100
            4    0     0      0    0        0        0   100
            5    0     0      0    0        0        0   100
            6    0     0      0    0        0        0   100
            7    0     0      0    0        0        0   100
            8    0     0      0    0        0        0   100
            9    0     0      0    0        0        0   100
           10    0     0      0    0        0        0   100
           11    0     0      0    0        0        0   100
           12    0     0      0    0        0        0   100
           13    0     0      0    0        0        0   100
           14    0     0      0    0        0        0   100
           15    0     0      0    0        0        0   100
           16    3     0      0    0        0        0    96
           17    2     0      0    0        0        0    98
           18    0     0      0    0        0        0   100
           19    0     0      0    0        0        0   100
           20    1     0      1    0        0        0    98
           21    0     0      0    0        0        0   100
           22    0     0      0    0        0        0   100
           23    0     0      0    0        0        0   100
           24    0     0      0    0        0        0   100
           25    0     0      0    0        0        0   100
           26    0     0      0    0        0        0   100
           27    0     0      0    0        0        0   100
           28    0     0      0    0        0        0   100
           29   10     0      4    0        0        0    85
           30    0     0      0    0        0        0   100
           31    0     0      0    0        0        0   100
           32    0     0    100    0        0        0     0
           33    0     0    100    0        0        0     0
           34    0     0    100    0        0        0     0
           35    0     0     99    0        0        0     0
           36    0     0    100    0        0        0     0
           37    0     0    100    0        0        0     0
           38    0     0    100    0        0        0     0
           39    0     0    100    0        0        0     0
           40    0     0    100    0        0        0     0
           41    0     0    100    0        0        0     0
           42    0     0    100    0        0        0     0
           43    0     0    100    0        0        0     0
           44    0     0    100    0        0        0     0
           45    0     0     99    0        0        0     0
           46    0     0    100    0        0        0     0
           47    0     0    100    0        0        0     0
           48    0     0     96    0        0        0     4
           49    0     0     98    0        0        0     2
           50    0     0    100    0        0        0     0
           51    0     0     99    0        0        0     1
           52    0     1     96    0        0        0     3
           53    0     0     99    0        0        0     1
           54    0     0    100    0        0        0     0
           55    0     0    100    0        0        0     0
           56    0     0    100    0        0        0     0
           57    0     0    100    0        0        0     0
           58    0     0    100    0        0        0     0
           59    0     0    100    0        0        0     0
           60    0     0    100    0        0        0     0
           61    0     4     74    0        0        0    21
           62    0     0    100    0        0        0     0
           63    0     0    100    0        0        0     0
16:40:08  all    0     0      0    0        0        0   100
            0    0     0      0    0        0        0   100
            1    0     0      0    0        0        0   100
            2    0     0      0    0        0        0   100
            3    0     0      0    0        0        0   100
            4    0     0      0    0        0        0   100
            5    0     0      0    0        0        0   100
            6    0     0      0    0        0        0   100
            7    0     0      0    0        0        0   100
            8    0     0      0    0        0        0   100
            9    0     0      0    0        0        0   100
           10    0     0      0    0        0        0   100
           11    0     0      0    0        0        0   100
           12    0     0      0    0        0        0   100
           13    0     0      0    0        0        0   100
           14    0     0      0    0        0        0   100
           15    0     0      0    0        0        0   100
           16    0     0      0    0        0        0   100
           17    0     0      0    0        0        0   100
           18    0     0      0    0        0        0   100
           19    3     0      0    0        0        0    97
           20    0     0      0    0        0        0   100
           21    2     0      0    0        0        0    98
           22    0     0      0    0        0        0   100
           23    0     0      0    0        0        0   100
           24    0     0      0    0        0        0   100
           25    0     0      0    0        0        0   100
           26    0     0      0    0        0        0   100
           27    0     0      0    0        0        0   100
           28    0     0      0    0        0        0   100
           29    8     0      4    0        0        0    88
           30    0     0      0    0        0        0   100
           31    0     0      0    0        0        0   100
           32    0     0    100    0        0        0     0
           33    0     0    100    0        0        0     0
           34    0     0    100    0        0        0     0
           35    0     0    100    0        0        0     0
           36    0     0    100    0        0        0     0
           37    0     0    100    0        0        0     0
           38    0     0    100    0        0        0     0
           39    0     0    100    0        0        0     0
           40    0     0    100    0        0        0     0
           41    0     0    100    0        0        0     0
           42    0     0    100    0        0        0     0
           43    0     0    100    0        0        0     0
           44    0     0    100    0        0        0     0
           45    0     0    100    0        0        0     0
           46    0     0     99    0        0        0     1
           47    0     0    100    0        0        0     0
           48    0     0    100    0        0        0     0
           49    0     0    100    0        0        0     0
           50    0     0    100    0        0        0     0
           51    0     0     96    0        0        0     4
           52    0     0     98    0        0        0     2
           53    0     0     98    0        0        0     2
           54    0     0    100    0        0        0     0
           55    0     0    100    0        0        0     0
           56    0     0    100    0        0        0     0
           57    0     0    100    0        0        0     0
           58    0     0    100    0        0        0     0
           59    0     0    100    0        0        0     0
           60    0     0    100    0        0        0     0
           61    0     4     75    0        0        0    20
           62    0     0    100    0        0        0     0
           63    0     0    100    0        0        0     0
16:40:10  all    0     0      0    0        0        0   100
            0    0     0      0    0        0        0   100
            1    0     0      0    0        0        0   100
            2    0     0      0    0        0        0   100
            3    0     0      0    0        0        0   100
            4    0     0      0    0        0        0   100
            5    0     0      0    0        0        0   100
            6    0     0      0    0        0        0   100
            7    0     0      0    0        0        0   100
            8    0     0      0    0        0        0   100
            9    0     0      0    0        0        0   100
           10    0     0      0    0        0        0   100
           11    0     0      0    0        0        0   100
           12    0     0      0    0        0        0   100
           13    0     0      0    0        0        0   100
           14    0     0      0    0        0        0   100
           15    0     0      0    0        0        0   100
           16    0     0      0    0        0        0   100
           17    0     0      0    0        0        0   100
           18    0     0      0    0        0        0   100
           19    0     0      0    0        0        0   100
           20    0     0      0    0        0        0    99
           21    1     0      0    0        0        0    98
           22    0     0      0    0        0        0   100
           23    0     0      0    0        0        0   100
           24    0     0      0    0        0        0   100
           25    0     0      0    0        0        0   100
           26    0     0      0    0        0        0   100
           27    0     0      0    0        0        0   100
           28    0     0      0    0        0        0   100
           29    9     0      4    0        0        0    86
           30    0     0      0    0        0        0   100
           31    0     0      0    0        0        0   100
           32    0     0    100    0        0        0     0
           33    0     0    100    0        0        0     0
           34    0     0    100    0        0        0     0
           35    0     0     99    0        0        0     1
           36    0     0     99    0        0        0     0
           37    0     0    100    0        0        0     0
           38    0     0    100    0        0        0     0
           39    0     0    100    0        0        0     0
           40    0     0    100    0        0        0     0
           41    0     0    100    0        0        0     0
           42    0     0    100    0        0        0     0
           43    0     0    100    0        0        0     0
           44    0     0    100    0        0        0     0
           45    0     0    100    0        0        0     0
           46    0     0    100    0        0        0     0
           47    0     0    100    0        0        0     0
           48    0     0    100    0        0        0     0
           49    0     0    100    0        0        0     0
           50    0     0    100    0        0        0     0
           51    0     0    100    0        0        0     0
           52    0     0    100    0        0        0     0
           53    0     0     98    0        0        0     2
           54    0     0    100    0        0        0     0
           55    0     0    100    0        0        0     0
           56    0     0    100    0        0        0     0
           57    0     0    100    0        0        0     0
           58    0     0    100    0        0        0     0
           59    0     0    100    0        0        0     0
           60    0     0    100    0        0        0     0
           61    0     4     75    0        0        0    20
           62    0     0    100    0        0        0     0
           63    0     0    100    0        0        0     0
16:40:12  all    0     0      0    0        0        0   100
            0    0     0      0    0        0        0   100
            1    0     0      0    0        0        0   100
            2    0     0      0    0        0        0   100
            3    0     0      0    0        0        0   100
            4    0     0      0    0        0        0   100
            5    0     0      0    0        0        0   100
            6    0     0      0    0        0        0   100
            7    0     0      0    0        0        0   100
            8    0     0      0    0        0        0   100
            9    0     0      0    0        0        0   100
           10    0     0      0    0        0        0   100
           11    0     0      0    0        0        0   100
           12    0     0      0    0        0        0   100
           13    0     0      0    0        0        0   100
           14    0     0      0    0        0        0   100
           15    0     0      0    0        0        0   100
           16    0     0      0    0        0        0   100
           17    0     0      0    0        0        0   100
           18    0     0      0    0        0        0   100
           19    0     0      0    0        0        0   100
           20    0     0      0    0        0        0   100
           21    0     0      0    0        0        0   100
           22    0     0      0    0        0        0   100
           23    0     0      0    0        0        0   100
           24    0     0      0    0        0        0   100
           25    0     0      0    0        0        0   100
           26    0     0      0    0        0        0   100
           27    0     0      0    0        0        0   100
           28    0     0      0    0        0        0   100
           29    4     0      4    0        0        0    92
           30    0     0      0    0        0        0   100
           31    0     0      0    0        0        0   100
           32    0     0    100    0        0        0     0
           33    0     0    100    0        0        0     0
           34    0     0    100    0        0        0     0
           35    0     0    100    0        0        0     0
           36    0     0    100    0        0        0     0
           37    0     0    100    0        0        0     0
           38    0     0    100    0        0        0     0
           39    0     0    100    0        0        0     0
           40    0     0    100    0        0        0     0
           41    0     0    100    0        0        0     0
           42    0     0    100    0        0        0     0
           43    0     0    100    0        0        0     0
           44    0     0    100    0        0        0     0
           45    0     0    100    0        0        0     0
           46    0     0    100    0        0        0     0
           47    0     0    100    0        0        0     0
           48    0     0    100    0        0        0     0
           49    0     0    100    0        0        0     0
           50    0     0    100    0        0        0     0
           51    0     0    100    0        0        0     0
           52    0     0    100    0        0        0     0
           53    0     0    100    0        0        0     0
           54    0     0     98    0        0        0     2
           55    0     0    100    0        0        0     0
           56    0     0    100    0        0        0     0
           57    0     0    100    0        0        0     0
           58    0     0    100    0        0        0     0
           59    0     0    100    0        0        0     0
           60    0     0    100    0        0        0     0
           61    0     4     76    0        0        0    20
           62    0     0    100    0        0        0     0
           63    0     0    100    0        0        0     0
16:40:14  all    0     0      0    0        0        0   100
            0    0     0      0    0        0        0   100
            1    0     0      0    0        0        0   100
            2    0     0      0    0        0        0   100
            3    0     0      0    0        0        0   100
            4    0     0      0    0        0        0   100
            5    0     0      0    0        0        0   100
            6    0     0      0    0        0        0   100
            7    0     0      0    0        0        0   100
            8    0     0      0    0        0        0   100
            9    0     0      0    0        0        0   100
           10    0     0      0    0        0        0   100
           11    0     0      0    0        0        0   100
           12    0     0      0    0        0        0   100
           13    0     0      0    0        0        0   100
           14    0     0      0    0        0        0   100
           15    0     0      0    0        0        0   100
           16    0     0      0    0        0        0   100
           17    0     0      0    0        0        0   100
           18    0     0      0    0        0        0   100
           19    0     0      0    0        0        0   100
           20    0     0      0    0        0        0   100
           21    0     0      0    0        0        0   100
           22    0     0      0    0        0        0   100
           23    0     0      0    0        0        0   100
           24    0     0      0    0        0        0   100
           25    0     0      0    0        0        0   100
           26    0     0      0    0        0        0   100
           27    0     0      0    0        0        0   100
           28    0     0      0    0        0        0   100
           29    8     0      5    0        0        0    87
           30    0     0      0    0        0        0   100
           31    0     0      0    0        0        0   100
           32    0     0    100    0        0        0     0
           33    0     0    100    0        0        0     0
           34    0     0    100    0        0        0     0
           35    0     0     99    0        0        0     1
           36    0     0     99    0        0        0     1
           37    0     0    100    0        0        0     0
           38    0     0    100    0        0        0     0
           39    0     0    100    0        0        0     0
           40    0     0    100    0        0        0     0
           41    0     0    100    0        0        0     0
           42    0     0    100    0        0        0     0
           43    0     0    100    0        0        0     0
           44    0     0    100    0        0        0     0
           45    0     0    100    0        0        0     0
           46    0     0    100    0        0        0     0
           47    0     0     98    0        0        0     2
           48    0     0    100    0        0        0     0
           49    0     0    100    0        0        0     0
           50    0     0    100    0        0        0     0
           51    0     0    100    0        0        0     0
           52    0     0    100    0        0        0     0
           53    0     0    100    0        0        0     0
           54    0     0    100    0        0        0     0
           55    0     0     99    0        0        0     1
           56    0     0    100    0        0        0     0
           57    0     0    100    0        0        0     0
           58    0     0    100    0        0        0     0
           59    0     0    100    0        0        0     0
           60    0     0    100    0        0        0     0
           61    0     5     76    0        0        0    18
           62    0     0    100    0        0        0     0
           63    0     0    100    0        0        0     0
16:40:16  all    0     0      0    0        0        0   100
            0    0     0      0    0        0        0   100
            1    0     0      0    0        0        0   100
            2    0     0      0    0        0        0   100
            3    0     0      0    0        0        0   100
            4    0     0      0    0        0        0   100
            5    0     0      0    0        0        0   100
            6    0     0      0    0        0        0   100
            7    0     0      0    0        0        0   100
            8    0     0      0    0        0        0   100
            9    0     0      0    0        0        0   100
           10    0     0      0    0        0        0   100
           11    0     0      0    0        0        0   100
           12    0     0      0    0        0        0   100
           13    0     0      0    0        0        0   100
           14    0     0      0    0        0        0   100
           15    0     0      0    0        0        0   100
           16    0     0      0    0        0        0   100
           17    0     0      0    0        0        0   100
           18    0     0      0    0        0        0   100
           19    0     0      0    0        0        0   100
           20    0     0      0    0        0        0   100
           21    0     0      0    0        0        0   100
           22    0     0      0    0        0        0   100
           23    0     0      0    0        0        0   100
           24    0     0      0    0        0        0   100
           25    0     0      0    0        0        0   100
           26    0     0      0    0        0        0   100
           27    0     0      0    0        0        0   100
           28    0     0      0    0        0        0   100
           29    8     0      4    0        0        0    88
           30    0     0      0    0        0        0   100
           31    0     0      0    0        0        0   100
           32    0     0    100    0        0        0     0
           33    0     0    100    0        0        0     0
           34    0     0    100    0        0        0     0
           35    0     0    100    0        0        0     0
           36    0     0    100    0        0        0     0
           37    0     0    100    0        0        0     0
           38    0     0    100    0        0        0     0
           39    0     0    100    0        0        0     0
           40    0     0    100    0        0        0     0
           41    0     0    100    0        0        0     0
           42    0     0    100    0        0        0     0
           43    0     0    100    0        0        0     0
           44    0     0    100    0        0        0     0
           45    0     0    100    0        0        0     0
           46    0     0    100    0        0        0     0
           47    0     0     98    0        0        0     2
           48    0     0    100    0        0        0     0
           49    0     0    100    0        0        0     0
           50    0     0    100    0        0        0     0
           51    0     0    100    0        0        0     0
           52    0     0    100    0        0        0     0
           53    0     0    100    0        0        0     0
           54    0     0    100    0        0        0     0
           55    0     0     98    0        0        0     2
           56    0     0    100    0        0        0     0
           57    0     0    100    0        0        0     0
           58    0     0    100    0        0        0     0
           59    0     0    100    0        0        0     0
           60    0     0    100    0        0        0     0
           61    0     4     76    0        0        0    20
           62    0     0    100    0        0        0     0
           63    0     0    100    0        0        0     0
16:40:18  all    0     0      0    0        0        0   100
            0    0     0      0    0        0        0   100
            1    0     0      0    0        0        0   100
            2    0     0      0    0        0        0   100
            3    0     0      0    0        0        0   100
            4    0     0      0    0        0        0   100
            5    0     0      0    0        0        0   100
            6    0     0      0    0        0        0   100
            7    0     0      0    0        0        0   100
            8    0     0      0    0        0        0    99
            9    0     0      0    0        0        0   100
           10    0     0      0    0        0        0   100
           11    0     0      0    0        0        0   100
           12    0     0      0    0        0        0   100
           13    0     0      0    0        0        0   100
           14    0     0      0    0        0        0   100
           15    0     0      0    0        0        0   100
           16    0     0      0    0        0        0   100
           17    0     0      0    0        0        0   100
           18    0     0      0    0        0        0   100
           19    0     0      0    0        0        0   100
           20    0     0      0    0        0        0   100
           21    0     0      0    0        0        0   100
           22    0     0      0    0        0        0   100
           23    0     0      0    0        0        0   100
           24    0     0      0    0        0        0   100
           25    0     0      0    0        0        0   100
           26    0     0      0    0        0        0   100
           27    0     0      0    0        0        0   100
           28    0     0      0    0        0        0   100
           29    8     0      4    0        0        0    88
           30    0     0      0    0        0        0   100
           31    0     0      0    0        0        0   100
           32    0     0    100    0        0        0     0
           33    0     0    100    0        0        0     0
           34    0     0    100    0        0        0     0
           35    0     0    100    0        0        0     0
           36    0     0    100    0        0        0     0
           37    0     0    100    0        0        0     0
           38    0     0    100    0        0        0     0
           39    0     0    100    0        0        0     0
           40    0     0     99    0        0        0     0
           41    0     0    100    0        0        0     0
           42    0     0    100    0        0        0     0
           43    0     0    100    0        0        0     0
           44    0     0    100    0        0        0     0
           45    0     0    100    0        0        0     0
           46    0     0    100    0        0        0     0
           47    0     0    100    0        0        0     0
           48    0     0    100    0        0        0     0
           49    0     0     99    0        0        0     1
           50    0     0    100    0        0        0     0
           51    0     0    100    0        0        0     0
           52    0     0    100    0        0        0     0
           53    0     0    100    0        0        0     0
           54    0     0    100    0        0        0     0
           55    0     0    100    0        0        0     0
           56    0     0    100    0        0        0     0
           57    0     0    100    0        0        0     0
           58    0     0    100    0        0        0     0
           59    0     0    100    0        0        0     0
           60    0     0    100    0        0        0     0
           61    0     4     76    0        0        0    20
           62    0     0    100    0        0        0     0
           63    0     0    100    0        0        0     0
