
Linux  apt  3.13.0-129-generic  #178-Ubuntu SMP Fri Aug 11 12:48:20 UTC 2017  x86_64  09/27/2017

16:39:59  inpck/s otpck/s inbyt/s otbyt/s incmpr/s otcmpr/s inmcst/s iface _if_
16:40:00      0.0     0.0       0       0     0.00     0.00     0.00 eth0
          16800.0     6.0 1416480    1452     0.00     0.00     1.00 eth1
             15.0    15.0    2556    2556     0.00     0.00     0.00 lo
              0.0     0.0       0       0     0.00     0.00     0.00 virbr0
16:40:02  11167.0   111.0  947278   11720     0.00     0.00     0.50 eth1
            213.0   213.0   19946   19946     0.00     0.00     0.00 lo
16:40:04  12276.0   174.5 1046046   17999     0.00     0.00     0.50 eth1
            348.5   348.5   32286   32286     0.00     0.00     0.00 lo
16:40:06  12211.0   286.5 1050585   50853     0.00     0.00     0.50 eth1
            555.5   555.5   74294   74294     0.00     0.00     0.00 lo
16:40:08  12027.0   107.0 1024182   16808     0.00     0.00     0.50 eth1
            210.5   210.5   26804   26804     0.00     0.00     0.00 lo
16:40:10  11929.5    38.5 1010023    4173     0.00     0.00     0.50 eth1
             74.0    74.0    7318    7318     0.00     0.00     0.00 lo
16:40:12  11735.0     4.0  992159     968     0.00     0.00     0.50 eth1
             10.0    10.0    1704    1704     0.00     0.00     0.00 lo
16:40:14  11605.0     3.0  981233     726     0.00     0.00     0.50 eth1
              7.5     7.5    1278    1278     0.00     0.00     0.00 lo
16:40:16  11524.5     3.0  974464     726     0.00     0.00     0.50 eth1
              7.5     7.5    1278    1278     0.00     0.00     0.00 lo
16:40:18  11450.0     4.0  968291     968     0.00     0.00     0.50 eth1
             10.0    10.0    1704    1704     0.00     0.00     0.00 lo
